        -:    0:Source:/Users/wansy/Documents/project/BYSelf/EWChartView/EWChartView/EWChartViews/EWBarChartView.h
        -:    0:Graph:/Users/wansy/Library/Developer/Xcode/DerivedData/EWChartView-gwaqvpfjysmdagbdartktpszyxpm/Build/Intermediates/EWChartView.build/Debug-iphonesimulator/EWChartView.build/Objects-normal/x86_64/EWBarChartView.gcno
        -:    0:Data:/Users/wansy/Library/Developer/Xcode/DerivedData/EWChartView-gwaqvpfjysmdagbdartktpszyxpm/Build/Intermediates/EWChartView.build/Debug-iphonesimulator/EWChartView.build/Objects-normal/x86_64/EWBarChartView.gcda
        -:    0:Runs:10
        -:    0:Programs:1
        -:    1://
        -:    2://  EWBarChartView.h
        -:    3://  EWChartView
        -:    4://
        -:    5://  Created by wansy on 15/8/5.
        -:    6://  Copyright (c) 2015年 wansy. All rights reserved.
        -:    7://
        -:    8:
        -:    9:#import "EWChartView.h"
        -:   10:@class EWBarChartView;
        -:   11:
        -:   12:@protocol EWBarChartViewDataSource <EWChartViewDataSource>
        -:   13:
        -:   14:@required
        -:   15:
        -:   16:/**
        -:   17: *  bar的数量 （理论上返回的都要相同）
        -:   18: *
        -:   19: *  @param barChartView 当前柱状图
        -:   20: *  @param barIndex     柱状图索引
        -:   21: *
        -:   22: *  @return 返回不同柱状图所有柱的数量
        -:   23: */
        -:   24:- (NSUInteger)barChartView:(EWBarChartView *)barChartView numberOfBarAtBarIndex:(NSUInteger)barIndex;
        -:   25:
        -:   26:/**
        -:   27: *  不同的柱子数据的具体值
        -:   28: *
        -:   29: *  @param barChartView    当前柱状图
        -:   30: *  @param horizontalIndex x轴的索引
        -:   31: *  @param barIndex        柱状图索引
        -:   32: *
        -:   33: *  @return 返回不同的柱子上数据的具体值
        -:   34: */
        -:   35:- (CGFloat)barChartView:(EWBarChartView *)barChartView verticalValueForHorizontalIndex:(NSUInteger)horizontalIndex atBarIndex:(NSUInteger)barIndex;
        -:   36:
        -:   37:@optional
        -:   38:
        -:   39:/**
        -:   40: *  柱状图个数（默认是1条柱状图）
        -:   41: *
        -:   42: *  @param barChartView    当前柱状图
        -:   43: *
        -:   44: *  @return 返回柱状图数量
        -:   45: */
        -:   46:- (NSUInteger)numberOfBarInBarChartView:(EWBarChartView *)barChartView;
        -:   47:
        -:   48:
        -:   49:/**
        -:   50: *  水平坐标上的坐标值
        -:   51: *
        -:   52: *  @param barChartView    当前柱状图
        -:   53: *  @param horizontalIndex x轴的索引
        -:   54: *
        -:   55: *  @return 返回坐标值的text
        -:   56: */
        -:   57:- (NSString *)barChartView:(EWBarChartView *)barChartView horizontalTitlseForHorizontalIndex:(NSUInteger)horizontalIndex;
        -:   58:
        -:   59:@end
        -:   60:
        -:   61:@protocol EWBarChartViewDelegate <EWChartViewDelegate>
        -:   62:
        -:   63:@optional
        -:   64:
        -:   65:/**
        -:   66: *  选择柱状图
        -:   67: *
        -:   68: *  @param barChartView    当前柱状图
        -:   69: *  @param horizontalIndex x轴的索引
        -:   70: *  @param barIndex        柱状图索引
        -:   71: *  @param touchPoint      触摸点的坐标
        -:   72: */
        -:   73:- (void)barChartView:(EWBarChartView *)barChartView didSelectbarAtIndex:(NSUInteger)barndex horizontalIndex:(NSUInteger)horizontalIndex touchPoint:(CGPoint)touchPoint;
        -:   74:
        -:   75:/**
        -:   76: *  选择柱状图
        -:   77: *
        -:   78: *  @param barChartView    当前柱状图
        -:   79: *  @param horizontalIndex x轴的索引
        -:   80: *  @param barIndex        柱状图索引
        -:   81: */
        -:   82:- (void)barChartView:(EWBarChartView *)barChartView didSelectbarAtIndex:(NSUInteger)barndex horizontalIndex:(NSUInteger)horizontalIndex;
        -:   83:
        -:   84:/**
        -:   85: *  取消选择
        -:   86: *
        -:   87: *  @param lineChartView 当前抓状图
        -:   88: */
        -:   89:- (void)didDeselectLineInLineChartView:(EWBarChartView *)lineChartView;
        -:   90:
        -:   91:/**
        -:   92: *  不同柱状图柱子的颜色 （设置了 barChartView:colorForBarAtHorizontalIndex: 后该方法就失效）
        -:   93: *
        -:   94: *  @param lineChartView 当前折线图
        -:   95: *  @param lineIndex     第几条折线的索引
        -:   96: *
        -:   97: *  @return 返回不同线段的颜色
        -:   98: */
        -:   99:- (UIColor *)barChartView:(EWBarChartView *)barChartView colorForBarAtBarIndex:(NSUInteger)barIndex;
        -:  100:
        -:  101:
        -:  102:/**
        -:  103: *   一个柱状图中 不同柱子的颜色
        -:  104: *
        -:  105: *  @param barChartView    当前柱状图
        -:  106: *  @param horizontalIndex x轴的索引
        -:  107: *
        -:  108: *  @return 返回不同柱状图中不同柱子的颜色
        -:  109: */
        -:  110:- (UIColor *)barChartView:(EWBarChartView *)barChartView colorForBarAtHorizontalIndex:(NSUInteger)horizontalIndex;
        -:  111:
        -:  112:/**
        -:  113: *  显示柱子上的数据值
        -:  114: *
        -:  115: *  @param barChartView    当前柱状图
        -:  116: *  @param horizontalIndex x轴的索引
        -:  117: *  @param barIndex        柱状图索引
        -:  118: *
        -:  119: *  @return YES／NO
        -:  120: */
        -:  121:- (BOOL)barChartView:(EWBarChartView *)barChartView showBarValuesAtHorizontalIndex:(NSUInteger)horizontalIndex atBarIndex:(NSUInteger)barIndex;
        -:  122:
        -:  123:@end
        -:  124:
        -:  125:@interface EWBarChartView : EWChartView
        -:  126:
        -:  127:@property (nonatomic, weak) id<EWBarChartViewDataSource> dataSource;
        -:  128:@property (nonatomic, weak) id<EWBarChartViewDelegate> delegate;
        -:  129:
        -:  130:/** 柱子的颜色 */
function -[EWBarChartView barColor] called 0 returned 0% blocks executed 0%
function -[EWBarChartView setBarColor:] called 272 returned 100% blocks executed 100%
      272:  131:@property (nonatomic ,strong) UIColor *barColor;  //defalut nil
unconditional  0 never executed
unconditional  1 taken 272
        -:  132:
        -:  133:/** 是否显示柱子上的具体数值 */
function -[EWBarChartView showBarValues] called 4080 returned 100% blocks executed 100%
function -[EWBarChartView setShowBarValues:] called 544 returned 100% blocks executed 100%
     4624:  134:@property (nonatomic ,assign) BOOL showBarValues; //defalut NO
unconditional  0 taken 4080
unconditional  1 taken 544
        -:  135:
        -:  136:-(void)reloadData;
        -:  137:
        -:  138:@end
