        -:    0:Source:/Users/wansy/Documents/project/BYSelf/EWChartView/EWChartView/ViewController.m
        -:    0:Graph:/Users/wansy/Library/Developer/Xcode/DerivedData/EWChartView-gwaqvpfjysmdagbdartktpszyxpm/Build/Intermediates/EWChartView.build/Debug-iphonesimulator/EWChartView.build/Objects-normal/x86_64/ViewController.gcno
        -:    0:Data:/Users/wansy/Library/Developer/Xcode/DerivedData/EWChartView-gwaqvpfjysmdagbdartktpszyxpm/Build/Intermediates/EWChartView.build/Debug-iphonesimulator/EWChartView.build/Objects-normal/x86_64/ViewController.gcda
        -:    0:Runs:8
        -:    0:Programs:1
        -:    1://
        -:    2://  ViewController.m
        -:    3://  EWChartView
        -:    4://
        -:    5://  Created by wansy on 15/8/4.
        -:    6://  Copyright (c) 2015年 wansy. All rights reserved.
        -:    7://
        -:    8:
        -:    9:#import "ViewController.h"
        -:   10:#import "EWSegmentView.h"
        -:   11:#import "BarChartViewController.h"
        -:   12:#import "LineChartViewController.h"
        -:   13:#import "PieChartViewController.h"
        -:   14:#import "EWSegmentHeadView.h"
        -:   15:
        -:   16:@interface ViewController ()
        -:   17:
function -[ViewController segmentHeadView] called 72 returned 100% blocks executed 100%
function -[ViewController setSegmentHeadView:] called 72 returned 100% blocks executed 100%
      144:   18:@property (weak, nonatomic) IBOutlet EWSegmentHeadView *segmentHeadView;
unconditional  0 taken 72
unconditional  1 taken 72
        -:   19:
function -[ViewController segmentView] called 144 returned 100% blocks executed 100%
function -[ViewController setSegmentView:] called 72 returned 100% blocks executed 100%
      216:   20:@property (weak, nonatomic) IBOutlet EWSegmentView *segmentView;
unconditional  0 taken 144
unconditional  1 taken 72
        -:   21:@end
        -:   22:
function -[ViewController .cxx_destruct] called 0 returned 0% blocks executed 0%
    #####:   23:@implementation ViewController
unconditional  0 never executed
        -:   24:
function -[ViewController viewDidLoad] called 72 returned 100% blocks executed 100%
        -:   25:- (void)viewDidLoad {
       72:   26:    [super viewDidLoad];
        -:   27:    
       72:   28:    PieChartViewController *pieChartVC = [[PieChartViewController alloc] init];
       72:   29:    pieChartVC.title = @"饼状图";
       72:   30:    LineChartViewController *lineChartVC = [[LineChartViewController alloc] init];
       72:   31:    lineChartVC.title = @"折现图";
       72:   32:    BarChartViewController *barChartVC = [[BarChartViewController alloc] init];
       72:   33:    barChartVC.title =@"柱状图";
       72:   34:    NSMutableArray *array = [NSMutableArray array];
       72:   35:    [array addObject:lineChartVC];
       72:   36:    [array addObject:barChartVC];
       72:   37:    [array addObject:pieChartVC];
        -:   38:    
       72:   39:    self.segmentView.subViewControllers = array;
        -:   40:    
       72:   41:    self.segmentView.headView = self.segmentHeadView;
       72:   42:}
unconditional  0 taken 72
        -:   43:
        -:   44:@end
