        -:    0:Source:/Users/wansy/Documents/project/BYSelf/EWChartView/EWChartView/EWChartViews/EWChartView.m
        -:    0:Graph:/Users/wansy/Library/Developer/Xcode/DerivedData/EWChartView-gwaqvpfjysmdagbdartktpszyxpm/Build/Intermediates/EWChartView.build/Debug-iphonesimulator/EWChartView.build/Objects-normal/x86_64/EWChartView.gcno
        -:    0:Data:/Users/wansy/Library/Developer/Xcode/DerivedData/EWChartView-gwaqvpfjysmdagbdartktpszyxpm/Build/Intermediates/EWChartView.build/Debug-iphonesimulator/EWChartView.build/Objects-normal/x86_64/EWChartView.gcda
        -:    0:Runs:10
        -:    0:Programs:1
        -:    1://
        -:    2://  EWChartView.m
        -:    3://  EWChartView
        -:    4://
        -:    5://  Created by wansy on 15/8/5.
        -:    6://  Copyright (c) 2015年 wansy. All rights reserved.
        -:    7://
        -:    8:
        -:    9:#import "EWChartView.h"
        -:   10:
        -:   11://default parameter
        -:   12:NSInteger static const kEWChartViewSectionCount = 1;
        -:   13:NSInteger static const kEWChartViewLabelFont    = 10;
        -:   14:
        -:   15://const
        -:   16:CGFloat static const kEWChartViewXYAxisPadding = 3.0f;
        -:   17:
        -:   18://macro
        -:   19:#define kEWChartViewcoordinateLabelColor [UIColor blackColor]
        -:   20:
        -:   21:@interface EWChartView ()
        -:   22:
function -[EWChartView hasMaximumValue] called 11968 returned 100% blocks executed 100%
function -[EWChartView setHasMaximumValue:] called 0 returned 0% blocks executed 0%
    11968:   23:@property (nonatomic, assign) BOOL hasMaximumValue;
unconditional  0 taken 11968
unconditional  1 never executed
function -[EWChartView hasMinimumValue] called 9248 returned 100% blocks executed 100%
function -[EWChartView setHasMinimumValue:] called 0 returned 0% blocks executed 0%
     9248:   24:@property (nonatomic, assign) BOOL hasMinimumValue;
unconditional  0 taken 9248
unconditional  1 never executed
        -:   25:
        -:   26:-(void)drawYAxisLabelsWithMaxValue:(CGFloat)maxValue minValue:(CGFloat)minValue context:(CGContextRef)ctx showGrid:(BOOL)showGrid;
        -:   27:
        -:   28:@end
        -:   29:
function -[EWChartView .cxx_destruct] called 0 returned 0% blocks executed 0%
    #####:   30:@implementation EWChartView
unconditional  0 never executed
        -:   31:
        -:   32:#pragma mark - init
        -:   33:
function -[EWChartView initWithFrame:] called 544 returned 100% blocks executed 100%
        -:   34:- (id)initWithFrame:(CGRect)frame
        -:   35:{
      544:   36:    if(self = [super initWithFrame:frame]){
branch  0 taken 544
branch  1 taken 0
      544:   37:        [self initData];
        -:   38:        
      544:   39:    }
unconditional  0 taken 544
      544:   40:    return self;
      544:   41:}
unconditional  0 taken 544
        -:   42:
function -[EWChartView initWithCoder:] called 0 returned 0% blocks executed 0%
        -:   43:- (id)initWithCoder:(NSCoder *)aDecoder
        -:   44:{
        -:   45:   
    #####:   46:    if(self = [super initWithCoder:aDecoder]){
branch  0 never executed
branch  1 never executed
    #####:   47:        [self initData];
    #####:   48:    }
unconditional  0 never executed
    #####:   49:    return self;
    #####:   50:}
unconditional  0 never executed
        -:   51:
        -:   52:#pragma mark - public method
        -:   53:
function -[EWChartView initData] called 544 returned 100% blocks executed 100%
        -:   54:-(void)initData
        -:   55:{
      544:   56:    self.backgroundColor = [UIColor whiteColor];
      544:   57:    self.sectionCount = kEWChartViewSectionCount;
      544:   58:    self.coordinateColor = kEWChartViewcoordinateColor;
     1632:   59:    self.xLabelAttributes = @{NSFontAttributeName:[UIFont systemFontOfSize:kEWChartViewLabelFont],
     1088:   60:                   NSForegroundColorAttributeName:kEWChartViewcoordinateLabelColor,
        -:   61:                              };
     1632:   62:    self.yLabelAttributes = @{NSFontAttributeName:[UIFont systemFontOfSize:kEWChartViewLabelFont],
     1088:   63:                   NSForegroundColorAttributeName:kEWChartViewcoordinateLabelColor,
        -:   64:                              };
     1632:   65:    self.valueAttributes = @{NSFontAttributeName:[UIFont systemFontOfSize:kEWChartViewLabelFont],
     1088:   66:                  NSForegroundColorAttributeName:kEWChartViewcoordinateLabelColor,
        -:   67:                             };
      544:   68:}
unconditional  0 taken 544
        -:   69:
function -[EWChartView resetMinimumValue] called 0 returned 0% blocks executed 0%
        -:   70:- (void)resetMinimumValue
        -:   71:{
    #####:   72:    _hasMinimumValue = NO; // clears min
    #####:   73:}
unconditional  0 never executed
        -:   74:
function -[EWChartView resetMaximumValue] called 0 returned 0% blocks executed 0%
        -:   75:- (void)resetMaximumValue
        -:   76:{
    #####:   77:    _hasMaximumValue = NO; // clears max
    #####:   78:}
unconditional  0 never executed
        -:   79:
        -:   80:#pragma mark - public method
        -:   81:
function -[EWChartView reloadData] called 0 returned 0% blocks executed 0%
        -:   82:-(void)reloadData
        -:   83:{
        -:   84:     // Override
    #####:   85:}
unconditional  0 never executed
        -:   86:
function -[EWChartView creatYAxisWithSectionCount:minValue:maxValue:] called 0 returned 0% blocks executed 0%
        -:   87:-(void)creatYAxisWithSectionCount:(NSInteger)sectionCount minValue:(CGFloat)minValue maxValue:(CGFloat)maxValue
        -:   88:{
    #####:   89:    self.minimumValue = minValue;
    #####:   90:    self.maximumValue = maxValue;
    #####:   91:    self.sectionCount = sectionCount;
    #####:   92:}
unconditional  0 never executed
        -:   93:
        -:   94:#pragma mark - drawRect 
        -:   95:
        -:   96:/**
        -:   97: *  画坐标轴
        -:   98: */
function -[EWChartView drawRect:] called 544 returned 100% blocks executed 100%
        -:   99:- (void)drawRect:(CGRect)rect {
        -:  100:    
      544:  101:    CGContextRef ctx = UIGraphicsGetCurrentContext();
        -:  102:    
        -:  103://    CGContextSaveGState(ctx);
        -:  104:    
      544:  105:    CGContextMoveToPoint(ctx, kEWChartViewYAxisWidth, kEWChartViewHeaderPadding);
      544:  106:    CGContextAddLineToPoint(ctx, kEWChartViewYAxisWidth, self.bounds.size.height - kEWChartViewXAxisHeight + kEWChartViewXYAxisWidth);
      544:  107:    CGContextAddLineToPoint(ctx, self.bounds.size.width - kEWChartViewXYAxisWidth, self.bounds.size.height - kEWChartViewXAxisHeight + kEWChartViewXYAxisWidth);
        -:  108:    
      544:  109:    [self.coordinateColor set];
      544:  110:    CGContextSetLineWidth(ctx, kEWChartViewXYAxisWidth);
        -:  111:    
      544:  112:    CGContextStrokePath(ctx);
      544:  113:}
unconditional  0 taken 544
        -:  114:
function -[EWChartView drawYAxisLabelsWithMaxValue:minValue:context:showGrid:] called 544 returned 100% blocks executed 100%
        -:  115:-(void)drawYAxisLabelsWithMaxValue:(CGFloat)maxValue minValue:(CGFloat)minValue context:(CGContextRef)ctx showGrid:(BOOL)showGrid
        -:  116:{
      544:  117:    CGFloat ystepLength = (self.bounds.size.height - kEWChartViewHeaderPadding - kEWChartViewXAxisHeight)/self.sectionCount;
      544:  118:    CGFloat stepValue = ([self maximumValue] - [self minimumValue])/ self.sectionCount;
        -:  119:    
     6528:  120:    for (int index = 0; index < self.sectionCount + 1; index++) {
unconditional  0 taken 544
branch  1 taken 2720
branch  2 taken 544
unconditional  3 taken 2720
     2720:  121:        NSString *yValue = [NSString stringWithFormat:@"%.1f",[self maximumValue]-(stepValue * index)];
        -:  122:        
     2720:  123:        CGContextSaveGState(ctx);
        -:  124:        {
     2720:  125:            if (!showGrid) {
branch  0 taken 1360
branch  1 taken 1360
     1360:  126:                CGContextMoveToPoint(ctx, kEWChartViewYAxisWidth, kEWChartViewHeaderPadding + kEWChartViewXYAxisWidth + ystepLength * index);
     1360:  127:                CGContextAddLineToPoint(ctx, kEWChartViewYAxisWidth - kEWChartViewXYAxisPadding, kEWChartViewHeaderPadding + kEWChartViewXYAxisWidth + ystepLength * index);
     1360:  128:                [self.coordinateColor set];
     1360:  129:                CGContextSetLineWidth(ctx, kEWChartViewXYAxisWidth);
     1360:  130:                CGContextStrokePath(ctx);
     1360:  131:            }
unconditional  0 taken 1360
        -:  132:            
     2720:  133:            CGSize valueSize = [yValue sizeWithAttributes:self.yLabelAttributes];
     2720:  134:            CGFloat pointX = (kEWChartViewYAxisWidth - kEWChartViewXYAxisPadding) * 0.5 - valueSize.width * 0.5;
     2720:  135:            CGFloat pointY = kEWChartViewHeaderPadding + ystepLength * index - valueSize.height * 0.5;
        -:  136:            
     2720:  137:            CGPoint point = (CGPoint){pointX,pointY};
     2720:  138:            [yValue drawAtPoint:point withAttributes:self.yLabelAttributes];
        -:  139:        }
     2720:  140:        CGContextRestoreGState(ctx);
     2720:  141:    }
unconditional  0 taken 2720
        -:  142:
      544:  143:}
unconditional  0 taken 544
        -:  144:
        -:  145:#pragma mark - Getter And Setter
        -:  146:
function -[EWChartView setMinimumValue:] called 544 returned 100% blocks executed 55%
        -:  147:- (void)setMinimumValue:(CGFloat)minimumValue
        -:  148:{
     1632:  149:    NSAssert(minimumValue >= 0, @"EWChartView // the minimumValue must be >= 0.");
unconditional  0 taken 544
branch  1 taken 0
branch  2 taken 544
branch  3 never executed
branch  4 never executed
unconditional  5 never executed
unconditional  6 never executed
unconditional  7 never executed
unconditional  8 taken 544
      544:  150:    _minimumValue = minimumValue;
      544:  151:    _hasMinimumValue = YES;
      544:  152:}
unconditional  0 taken 544
        -:  153:
function -[EWChartView setMaximumValue:] called 544 returned 100% blocks executed 55%
        -:  154:- (void)setMaximumValue:(CGFloat)maximumValue
        -:  155:{
     1632:  156:    NSAssert(maximumValue >= 0, @"EWChartView // the maximumValue must be >= 0.");
unconditional  0 taken 544
branch  1 taken 0
branch  2 taken 544
branch  3 never executed
branch  4 never executed
unconditional  5 never executed
unconditional  6 never executed
unconditional  7 never executed
unconditional  8 taken 544
      544:  157:    _maximumValue = maximumValue;
      544:  158:    _hasMaximumValue = YES;
      544:  159:}
unconditional  0 taken 544
        -:  160:
        -:  161:
        -:  162:@end
