        -:    0:Source:/Users/wansy/Documents/project/BYSelf/UnitTest/UnitTest/main.m
        -:    0:Graph:/Users/wansy/Library/Developer/Xcode/DerivedData/UnitTest-evyuvxyaefsknghjzpsbitflmpho/Build/Intermediates/CodeCoverage/Intermediates/UnitTest.build/Debug-iphonesimulator/UnitTest.build/Objects-normal/x86_64/main.gcno
        -:    0:Data:/Users/wansy/Library/Developer/Xcode/DerivedData/UnitTest-evyuvxyaefsknghjzpsbitflmpho/Build/Intermediates/CodeCoverage/Intermediates/UnitTest.build/Debug-iphonesimulator/UnitTest.build/Objects-normal/x86_64/main.gcda
        -:    0:Runs:4
        -:    0:Programs:1
        -:    1://
        -:    2://  main.m
        -:    3://  UnitTest
        -:    4://
        -:    5://  Created by wansy on 16/10/13.
        -:    6://  Copyright © 2016年 wansy. All rights reserved.
        -:    7://
        -:    8:
        -:    9:#import <UIKit/UIKit.h>
        -:   10:#import "AppDelegate.h"
        -:   11:
function main called 6 returned 100% blocks executed 100%
        6:   12:int main(int argc, char * argv[]) {
        6:   13:    @autoreleasepool {
        6:   14:        return UIApplicationMain(argc, argv, nil, NSStringFromClass([AppDelegate class]));
        6:   15:    }
        6:   16:}
unconditional  0 taken 6
