        -:    0:Source:/Users/wansy/Documents/project/BYSelf/EWChartView/EWChartView/SegmentView/EWSegmentHeadButton.h
        -:    0:Graph:/Users/wansy/Library/Developer/Xcode/DerivedData/EWChartView-gwaqvpfjysmdagbdartktpszyxpm/Build/Intermediates/EWChartView.build/Debug-iphonesimulator/EWChartView.build/Objects-normal/x86_64/EWSegmentHeadButton.gcno
        -:    0:Data:/Users/wansy/Library/Developer/Xcode/DerivedData/EWChartView-gwaqvpfjysmdagbdartktpszyxpm/Build/Intermediates/EWChartView.build/Debug-iphonesimulator/EWChartView.build/Objects-normal/x86_64/EWSegmentHeadButton.gcda
        -:    0:Runs:8
        -:    0:Programs:1
        -:    1://
        -:    2://  EWSegmentHeadButton.h
        -:    3://  EWSegmentView
        -:    4://
        -:    5://  Created by wansy on 15/7/8.
        -:    6://  Copyright (c) 2015年 wansy. All rights reserved.
        -:    7://
        -:    8:
        -:    9:#import <UIKit/UIKit.h>
        -:   10:
        -:   11:@interface EWSegmentHeadButton : UIView
        -:   12:
function -[EWSegmentHeadButton button] called 2568 returned 100% blocks executed 100%
function -[EWSegmentHeadButton setButton:] called 0 returned 0% blocks executed 0%
     2568:   13:@property (nonatomic,strong) UIButton *button;
unconditional  0 taken 2568
unconditional  1 never executed
        -:   14:
function -[EWSegmentHeadButton colorLabel] called 1304 returned 100% blocks executed 100%
function -[EWSegmentHeadButton setColorLabel:] called 0 returned 0% blocks executed 0%
     1304:   15:@property (nonatomic,strong) UILabel *colorLabel;
unconditional  0 taken 1304
unconditional  1 never executed
        -:   16:
        -:   17:@end
