        -:    0:Source:/Users/wansy/Documents/project/BYSelf/UnitTest/UnitTest/AppDelegate.m
        -:    0:Graph:/Users/wansy/Library/Developer/Xcode/DerivedData/UnitTest-evyuvxyaefsknghjzpsbitflmpho/Build/Intermediates/CodeCoverage/Intermediates/UnitTest.build/Debug-iphonesimulator/UnitTest.build/Objects-normal/x86_64/AppDelegate.gcno
        -:    0:Data:/Users/wansy/Library/Developer/Xcode/DerivedData/UnitTest-evyuvxyaefsknghjzpsbitflmpho/Build/Intermediates/CodeCoverage/Intermediates/UnitTest.build/Debug-iphonesimulator/UnitTest.build/Objects-normal/x86_64/AppDelegate.gcda
        -:    0:Runs:8
        -:    0:Programs:1
        -:    1://
        -:    2://  AppDelegate.m
        -:    3://  UnitTest
        -:    4://
        -:    5://  Created by wansy on 16/10/13.
        -:    6://  Copyright © 2016年 wansy. All rights reserved.
        -:    7://
        -:    8:
        -:    9:#import "AppDelegate.h"
        -:   10:
        -:   11:@interface AppDelegate ()
        -:   12:
        -:   13:@end
        -:   14:
function -[AppDelegate .cxx_destruct] called 0 returned 0% blocks executed 0%
    #####:   15:@implementation AppDelegate
unconditional  0 never executed
        -:   16:
        -:   17:
function -[AppDelegate application:didFinishLaunchingWithOptions:] called 72 returned 100% blocks executed 100%
       72:   18:- (BOOL)application:(UIApplication *)application didFinishLaunchingWithOptions:(NSDictionary *)launchOptions {
        -:   19:    // Override point for customization after application launch.
        -:   20:    return YES;
       72:   21:}
unconditional  0 taken 72
        -:   22:
        -:   23:
function -[AppDelegate applicationWillResignActive:] called 0 returned 0% blocks executed 0%
    #####:   24:- (void)applicationWillResignActive:(UIApplication *)application {
        -:   25:    // Sent when the application is about to move from active to inactive state. This can occur for certain types of temporary interruptions (such as an incoming phone call or SMS message) or when the user quits the application and it begins the transition to the background state.
        -:   26:    // Use this method to pause ongoing tasks, disable timers, and invalidate graphics rendering callbacks. Games should use this method to pause the game.
    #####:   27:}
unconditional  0 never executed
        -:   28:
        -:   29:
function -[AppDelegate applicationDidEnterBackground:] called 0 returned 0% blocks executed 0%
    #####:   30:- (void)applicationDidEnterBackground:(UIApplication *)application {
        -:   31:    // Use this method to release shared resources, save user data, invalidate timers, and store enough application state information to restore your application to its current state in case it is terminated later.
        -:   32:    // If your application supports background execution, this method is called instead of applicationWillTerminate: when the user quits.
    #####:   33:}
unconditional  0 never executed
        -:   34:
        -:   35:
function -[AppDelegate applicationWillEnterForeground:] called 0 returned 0% blocks executed 0%
    #####:   36:- (void)applicationWillEnterForeground:(UIApplication *)application {
        -:   37:    // Called as part of the transition from the background to the active state; here you can undo many of the changes made on entering the background.
    #####:   38:}
unconditional  0 never executed
        -:   39:
        -:   40:
function -[AppDelegate applicationDidBecomeActive:] called 72 returned 100% blocks executed 100%
       72:   41:- (void)applicationDidBecomeActive:(UIApplication *)application {
        -:   42:    // Restart any tasks that were paused (or not yet started) while the application was inactive. If the application was previously in the background, optionally refresh the user interface.
       72:   43:}
unconditional  0 taken 72
        -:   44:
        -:   45:
function -[AppDelegate applicationWillTerminate:] called 0 returned 0% blocks executed 0%
    #####:   46:- (void)applicationWillTerminate:(UIApplication *)application {
        -:   47:    // Called when the application is about to terminate. Save data if appropriate. See also applicationDidEnterBackground:.
    #####:   48:}
unconditional  0 never executed
        -:   49:
        -:   50:
        -:   51:@end
