        -:    0:Source:/Users/wansy/Documents/project/BYSelf/EWChartView/EWChartView/EWChartViews/EWPieChartViewCell.h
        -:    0:Graph:/Users/wansy/Library/Developer/Xcode/DerivedData/EWChartView-gwaqvpfjysmdagbdartktpszyxpm/Build/Intermediates/EWChartView.build/Debug-iphonesimulator/EWChartView.build/Objects-normal/x86_64/EWPieChartViewCell.gcno
        -:    0:Data:/Users/wansy/Library/Developer/Xcode/DerivedData/EWChartView-gwaqvpfjysmdagbdartktpszyxpm/Build/Intermediates/EWChartView.build/Debug-iphonesimulator/EWChartView.build/Objects-normal/x86_64/EWPieChartViewCell.gcda
        -:    0:Runs:8
        -:    0:Programs:1
        -:    1://
        -:    2://  EWPieChartViewCell.h
        -:    3://  EWChartView
        -:    4://
        -:    5://  Created by wansy on 15/8/5.
        -:    6://  Copyright (c) 2015年 wansy. All rights reserved.
        -:    7://
        -:    8:
        -:    9:#import <UIKit/UIKit.h>
        -:   10:
        -:   11:@interface EWPieChartViewCell : UIView
        -:   12:/** 标题 */
function -[EWPieChartViewCell title] called 720 returned 100% blocks executed 100%
function -[EWPieChartViewCell setTitle:] called 360 returned 100% blocks executed 100%
     1080:   13:@property (nonatomic, copy) NSString *title;
unconditional  0 taken 720
unconditional  1 taken 360
        -:   14:
        -:   15:/** 颜色 */
function -[EWPieChartViewCell color] called 720 returned 100% blocks executed 100%
function -[EWPieChartViewCell setColor:] called 360 returned 100% blocks executed 100%
     1080:   16:@property (nonatomic, strong) UIColor *color;
unconditional  0 taken 720
unconditional  1 taken 360
        -:   17:
        -:   18:/** 值 */
function -[EWPieChartViewCell value] called 1440 returned 100% blocks executed 100%
function -[EWPieChartViewCell setValue:] called 360 returned 100% blocks executed 100%
     1800:   19:@property (nonatomic, assign) CGFloat value;
unconditional  0 taken 1440
unconditional  1 taken 360
        -:   20:
        -:   21:+(instancetype)cellWithTitle:(NSString *)title color:(UIColor *)color value:(CGFloat)value;
        -:   22:
        -:   23:@end
