        -:    0:Source:/Users/wansy/Documents/project/BYSelf/EWChartView/EWChartView/EWChartViews/EWPieChartViewCell.m
        -:    0:Graph:/Users/wansy/Library/Developer/Xcode/DerivedData/EWChartView-gwaqvpfjysmdagbdartktpszyxpm/Build/Intermediates/EWChartView.build/Debug-iphonesimulator/EWChartView.build/Objects-normal/x86_64/EWPieChartViewCell.gcno
        -:    0:Data:/Users/wansy/Library/Developer/Xcode/DerivedData/EWChartView-gwaqvpfjysmdagbdartktpszyxpm/Build/Intermediates/EWChartView.build/Debug-iphonesimulator/EWChartView.build/Objects-normal/x86_64/EWPieChartViewCell.gcda
        -:    0:Runs:8
        -:    0:Programs:1
        -:    1://
        -:    2://  EWPieChartViewCell.m
        -:    3://  EWChartView
        -:    4://
        -:    5://  Created by wansy on 15/8/5.
        -:    6://  Copyright (c) 2015年 wansy. All rights reserved.
        -:    7://
        -:    8:
        -:    9:#import "EWPieChartViewCell.h"
        -:   10:
function -[EWPieChartViewCell .cxx_destruct] called 0 returned 0% blocks executed 0%
    #####:   11:@implementation EWPieChartViewCell
unconditional  0 never executed
        -:   12:
function +[EWPieChartViewCell cellWithTitle:color:value:] called 0 returned 0% blocks executed 0%
        -:   13:+(instancetype)cellWithTitle:(NSString *)title color:(UIColor *)color value:(CGFloat)value
        -:   14:{
    #####:   15:    EWPieChartViewCell *cell = [[EWPieChartViewCell alloc] init];
    #####:   16:    cell.title = title;
    #####:   17:    cell.color = color;
    #####:   18:    cell.value = value;
    #####:   19:    return cell;
    #####:   20:}
unconditional  0 never executed
        -:   21:
        -:   22:@end
