        -:    0:Source:/Users/wansy/Documents/project/BYSelf/UnitTest/UnitTest/MaxNumber.m
        -:    0:Graph:/Users/wansy/Library/Developer/Xcode/DerivedData/UnitTest-evyuvxyaefsknghjzpsbitflmpho/Build/Intermediates/CodeCoverage/Intermediates/UnitTest.build/Debug-iphonesimulator/UnitTest.build/Objects-normal/x86_64/MaxNumber.gcno
        -:    0:Data:/Users/wansy/Library/Developer/Xcode/DerivedData/UnitTest-evyuvxyaefsknghjzpsbitflmpho/Build/Intermediates/CodeCoverage/Intermediates/UnitTest.build/Debug-iphonesimulator/UnitTest.build/Objects-normal/x86_64/MaxNumber.gcda
        -:    0:Runs:6
        -:    0:Programs:1
        -:    1://
        -:    2://  MaxNumber.m
        -:    3://  UnitTest
        -:    4://
        -:    5://  Created by wansy on 16/10/13.
        -:    6://  Copyright © 2016年 wansy. All rights reserved.
        -:    7://
        -:    8:
        -:    9:#import "MaxNumber.h"
        -:   10:
        -:   11:@implementation MaxNumber
        -:   12:
function +[MaxNumber getMaxNumber:b:c:] called 80 returned 100% blocks executed 100%
       80:   13:+(int)getMaxNumber:(int)a b:(int)b c:(int)c
        -:   14:{
      120:   15:    if(a > b){
branch  0 taken 40
branch  1 taken 40
       60:   16:        if(a > c){
branch  0 taken 20
branch  1 taken 20
       20:   17:            return a;
unconditional  0 taken 20
        -:   18:        }else{
       20:   19:            return c;
unconditional  0 taken 20
        -:   20:        }
        -:   21:    }else{
       60:   22:        if(b > c){
branch  0 taken 20
branch  1 taken 20
       20:   23:            return b;
unconditional  0 taken 20
        -:   24:        }else{
       20:   25:            return c;
unconditional  0 taken 20
        -:   26:        }
        -:   27:    }
       80:   28:}
unconditional  0 taken 80
        -:   29:
        -:   30:
        -:   31:@end
