        -:    0:Source:/Users/wansy/Documents/project/BYSelf/EWChartView/EWChartView/EWChartViews/EWPieChartView.h
        -:    0:Graph:/Users/wansy/Library/Developer/Xcode/DerivedData/EWChartView-gwaqvpfjysmdagbdartktpszyxpm/Build/Intermediates/EWChartView.build/Debug-iphonesimulator/EWChartView.build/Objects-normal/x86_64/EWPieChartView.gcno
        -:    0:Data:/Users/wansy/Library/Developer/Xcode/DerivedData/EWChartView-gwaqvpfjysmdagbdartktpszyxpm/Build/Intermediates/EWChartView.build/Debug-iphonesimulator/EWChartView.build/Objects-normal/x86_64/EWPieChartView.gcda
        -:    0:Runs:12
        -:    0:Programs:1
        -:    1://
        -:    2://  EWPieChartView.h
        -:    3://  JBChartViewDemo
        -:    4://
        -:    5://  Created by wansy on 15/8/4.
        -:    6://  Copyright (c) 2015年 wansy. All rights reserved.
        -:    7://
        -:    8:
        -:    9:#import <UIKit/UIKit.h>
        -:   10:#import "EWPieChartViewCell.h"
        -:   11:
        -:   12:@class EWPieChartView;
        -:   13:
        -:   14:typedef enum {
        -:   15:    EWPieChartShowTitleDefault = 0, //默认不显示标题
        -:   16:    EWPieChartShowTitleOutItem = 1, //在item外面显示标题
        -:   17:    EWPieChartShowTitleInItem  = 2  //在item内部显示标题（美观问题，暂时没有去实现）
        -:   18:}EWPieChartShowTitleType;
        -:   19:
        -:   20:@protocol EWPieChartViewDataSource <NSObject>
        -:   21:
        -:   22:@required
        -:   23:/**
        -:   24: *  返回饼状图中块的数量
        -:   25: *
        -:   26: *  @return 数量
        -:   27: */
        -:   28:- (NSUInteger)numberOfItemInPieChartView;
        -:   29:
        -:   30:/**
        -:   31: *  初始化EWPieChartViewCell
        -:   32: *
        -:   33: *  @param pieChartView 当前饼图
        -:   34: *  @param itemIndex    item索引
        -:   35: *
        -:   36: *  @return 返回初始化后的EWPieChartViewCell
        -:   37: */
        -:   38:- (EWPieChartViewCell *)pieChartView:(EWPieChartView *)pieChartView pieChartViewCellForItemIndex:(NSUInteger)itemIndex;
        -:   39:
        -:   40:@end
        -:   41:
        -:   42:@protocol EWPieChartViewDelegate <NSObject>
        -:   43:
        -:   44:@optional
        -:   45:
        -:   46:/**
        -:   47: *  选择item
        -:   48: *
        -:   49: *  @param pieChartView 当前饼图
        -:   50: *  @param itemIndex    item索引
        -:   51: */
        -:   52:- (void)pieChartView:(EWPieChartView *)pieChartView didSelectItemAtIndex:(NSUInteger)itemIndex;
        -:   53:
        -:   54:/**
        -:   55: *  取消选择
        -:   56: *
        -:   57: *  @param pieChartView 当前饼图
        -:   58: */
        -:   59://- (void)pieChartView:(EWPieChartView *)pieChartView didDeselectItemInPieChartView:(EWPieChartView *)pieChartView;
        -:   60:
        -:   61:/**
        -:   62: *  显示标题类型 （实现这个代理方法就不需要设置showTitleType属性，设置了也无效）
        -:   63: *
        -:   64: *  @param pieChartView 当前饼图
        -:   65: *  @param itemIndex    item索引
        -:   66: *
        -:   67: *  @return 显示标题的类型
        -:   68: */
        -:   69:- (EWPieChartShowTitleType)pieChartView:(EWPieChartView *)pieChartView showItemTitleTypeAtItemIndex:(NSUInteger)itemIndex;
        -:   70:
        -:   71:/**
        -:   72: *  显示百分比 （实现这个代理方法就不需要设置showItemPercent属性，设置了也无效）
        -:   73: *
        -:   74: *  @param pieChartView 当前饼图
        -:   75: *  @param itemIndex    item索引
        -:   76: *
        -:   77: *  @return 每个item的百分比
        -:   78: */
        -:   79:- (BOOL)pieChartView:(EWPieChartView *)pieChartView showItemPercentAtItemIndex:(NSUInteger)itemIndex;
        -:   80:
        -:   81:@end
        -:   82:
        -:   83:@interface EWPieChartView : UIView
        -:   84:
function -[EWPieChartView dataSource] called 12672 returned 100% blocks executed 100%
function -[EWPieChartView setDataSource:] called 1056 returned 100% blocks executed 100%
    13728:   85:@property (nonatomic, weak) id<EWPieChartViewDataSource> dataSource;
unconditional  0 taken 12672
unconditional  1 taken 1056
function -[EWPieChartView delegate] called 10560 returned 100% blocks executed 100%
function -[EWPieChartView setDelegate:] called 1056 returned 100% blocks executed 100%
    11616:   86:@property (nonatomic, weak) id<EWPieChartViewDelegate> delegate;
unconditional  0 taken 10560
unconditional  1 taken 1056
        -:   87:
        -:   88:
function -[EWPieChartView maxRadius] called 27456 returned 100% blocks executed 100%
function -[EWPieChartView setMaxRadius:] called 1056 returned 100% blocks executed 100%
    28512:   89:@property (nonatomic, assign) float maxRadius;   //default 100
unconditional  0 taken 27456
unconditional  1 taken 1056
function -[EWPieChartView minRadius] called 22176 returned 100% blocks executed 100%
function -[EWPieChartView setMinRadius:] called 2112 returned 100% blocks executed 100%
    24288:   90:@property (nonatomic, assign) float minRadius;   //default 0
unconditional  0 taken 22176
unconditional  1 taken 2112
function -[EWPieChartView startAngle] called 4224 returned 100% blocks executed 100%
function -[EWPieChartView setStartAngle:] called 1056 returned 100% blocks executed 100%
     5280:   91:@property (nonatomic, assign) float startAngle;  //default 0
unconditional  0 taken 4224
unconditional  1 taken 1056
function -[EWPieChartView endAngle] called 2112 returned 100% blocks executed 100%
function -[EWPieChartView setEndAngle:] called 1056 returned 100% blocks executed 100%
     3168:   92:@property (nonatomic, assign) float endAngle;    //default 360 
unconditional  0 taken 2112
unconditional  1 taken 1056
        -:   93://@property (nonatomic, assign) float animationDuration;   //default 0.6s
        -:   94:
        -:   95:/** 标题的样式*/
function -[EWPieChartView titleAttributes] called 15840 returned 100% blocks executed 100%
function -[EWPieChartView setTitleAttributes:] called 6336 returned 100% blocks executed 100%
    22176:   96:@property (nonatomic, strong) NSDictionary *titleAttributes;
unconditional  0 taken 15840
unconditional  1 taken 6336
        -:   97:/** 百分比的样式*/
function -[EWPieChartView percentAttributes] called 10560 returned 100% blocks executed 100%
function -[EWPieChartView setPercentAttributes:] called 1056 returned 100% blocks executed 100%
    11616:   98:@property (nonatomic, strong) NSDictionary *percentAttributes;
unconditional  0 taken 10560
unconditional  1 taken 1056
        -:   99:
function -[EWPieChartView showTitleType] called 6336 returned 100% blocks executed 100%
function -[EWPieChartView setShowTitleType:] called 2112 returned 100% blocks executed 100%
     8448:  100:@property (nonatomic, assign) EWPieChartShowTitleType showTitleType;   //default not show
unconditional  0 taken 6336
unconditional  1 taken 2112
function -[EWPieChartView showItemPercent] called 5280 returned 100% blocks executed 100%
function -[EWPieChartView setShowItemPercent:] called 2112 returned 100% blocks executed 100%
     7392:  101:@property (nonatomic, assign) BOOL showItemPercent;   //default NO
unconditional  0 taken 5280
unconditional  1 taken 2112
        -:  102:
        -:  103:
        -:  104:-(void)reloadData;
        -:  105:
        -:  106:@end
