        -:    0:Source:/Users/wansy/Documents/project/BYSelf/EWChartView/EWChartView/SegmentView/EWSegmentHeadView.h
        -:    0:Graph:/Users/wansy/Library/Developer/Xcode/DerivedData/EWChartView-gwaqvpfjysmdagbdartktpszyxpm/Build/Intermediates/EWChartView.build/Debug-iphonesimulator/EWChartView.build/Objects-normal/x86_64/EWSegmentHeadView.gcno
        -:    0:Data:/Users/wansy/Library/Developer/Xcode/DerivedData/EWChartView-gwaqvpfjysmdagbdartktpszyxpm/Build/Intermediates/EWChartView.build/Debug-iphonesimulator/EWChartView.build/Objects-normal/x86_64/EWSegmentHeadView.gcda
        -:    0:Runs:10
        -:    0:Programs:1
        -:    1://
        -:    2://  EWSegmentHeadView.h
        -:    3://  EWSegmentView
        -:    4://
        -:    5://  Created by wansy on 15/7/8.
        -:    6://  Copyright (c) 2015年 wansy. All rights reserved.
        -:    7://
        -:    8:
        -:    9:#import <UIKit/UIKit.h>
        -:   10:
        -:   11:@interface EWSegmentHeadView : UIView
        -:   12:
        -:   13:/**
        -:   14: *  设置headView中每个按钮的标题
        -:   15: *
        -:   16: *  @param titles 标题
        -:   17: */
        -:   18:-(void)setHeadTitles:(NSMutableArray *)titles;
        -:   19:
function -[EWSegmentHeadView selectedTitleColor] called 816 returned 100% blocks executed 100%
function -[EWSegmentHeadView setSelectedTitleColor:] called 0 returned 0% blocks executed 0%
      816:   20:@property (nonatomic,strong) UIColor *selectedTitleColor;
unconditional  0 taken 816
unconditional  1 never executed
        -:   21:
function -[EWSegmentHeadView normalTitleColor] called 816 returned 100% blocks executed 100%
function -[EWSegmentHeadView setNormalTitleColor:] called 0 returned 0% blocks executed 0%
      816:   22:@property (nonatomic,strong) UIColor *normalTitleColor;
unconditional  0 taken 816
unconditional  1 never executed
        -:   23:
        -:   24://@property (nonatomic,strong) UIColor *backgroundColor;
        -:   25:
function -[EWSegmentHeadView bottomColor] called 1840 returned 100% blocks executed 100%
function -[EWSegmentHeadView setBottomColor:] called 0 returned 0% blocks executed 0%
     1840:   26:@property (nonatomic,strong) UIColor *bottomColor;
unconditional  0 taken 1840
unconditional  1 never executed
        -:   27:
        -:   28:/** 定义按钮切换的block*/
function -[EWSegmentHeadView didClick] called 0 returned 0% blocks executed 0%
function -[EWSegmentHeadView setDidClick:] called 272 returned 100% blocks executed 100%
      272:   29:@property (nonatomic,strong) void (^didClick)();
unconditional  0 never executed
unconditional  1 taken 272
        -:   30:
        -:   31:/**
        -:   32: *  是否隐藏底部的颜色条
        -:   33: */
function -[EWSegmentHeadView isHiddenBottom] called 1840 returned 100% blocks executed 100%
function -[EWSegmentHeadView setHiddenBottom:] called 0 returned 0% blocks executed 0%
     1840:   34:@property (nonatomic,getter=isHiddenBottom) BOOL hiddenBottom;
unconditional  0 taken 1840
unconditional  1 never executed
        -:   35:
        -:   36:/**
        -:   37: *  选中按钮的索引
        -:   38: */
        -:   39:@property (nonatomic,assign) NSInteger selectedButtonIndex;
        -:   40:
        -:   41:@end
