        -:    0:Source:/Users/wansy/Documents/project/BYSelf/EWChartView/EWChartView/LineChartViewController.m
        -:    0:Graph:/Users/wansy/Library/Developer/Xcode/DerivedData/EWChartView-gwaqvpfjysmdagbdartktpszyxpm/Build/Intermediates/EWChartView.build/Debug-iphonesimulator/EWChartView.build/Objects-normal/x86_64/LineChartViewController.gcno
        -:    0:Data:/Users/wansy/Library/Developer/Xcode/DerivedData/EWChartView-gwaqvpfjysmdagbdartktpszyxpm/Build/Intermediates/EWChartView.build/Debug-iphonesimulator/EWChartView.build/Objects-normal/x86_64/LineChartViewController.gcda
        -:    0:Runs:10
        -:    0:Programs:1
        -:    1://
        -:    2://  LineChartViewController.m
        -:    3://  EWChartView
        -:    4://
        -:    5://  Created by wansy on 15/8/10.
        -:    6://  Copyright (c) 2015年 wansy. All rights reserved.
        -:    7://
        -:    8:
        -:    9:#import "LineChartViewController.h"
        -:   10:#import "EWLineCharView.h"
        -:   11:
        -:   12:@interface LineChartViewController ()<EWLineChartViewDataSource,EWLineChartViewDelegate>
        -:   13:
function -[LineChartViewController array] called 17408 returned 100% blocks executed 100%
function -[LineChartViewController setArray:] called 272 returned 100% blocks executed 100%
    17680:   14:@property(nonatomic,strong) NSMutableArray *array;
unconditional  0 taken 17408
unconditional  1 taken 272
function -[LineChartViewController array1] called 272 returned 100% blocks executed 100%
function -[LineChartViewController setArray1:] called 272 returned 100% blocks executed 100%
      544:   15:@property(nonatomic,strong) NSArray *array1;
unconditional  0 taken 272
unconditional  1 taken 272
function -[LineChartViewController array2] called 272 returned 100% blocks executed 100%
function -[LineChartViewController setArray2:] called 272 returned 100% blocks executed 100%
      544:   16:@property(nonatomic,strong) NSArray *array2;
unconditional  0 taken 272
unconditional  1 taken 272
function -[LineChartViewController array3] called 272 returned 100% blocks executed 100%
function -[LineChartViewController setArray3:] called 272 returned 100% blocks executed 100%
      544:   17:@property(nonatomic,strong) NSArray *array3;
unconditional  0 taken 272
unconditional  1 taken 272
        -:   18:
function -[LineChartViewController arrayTitle] called 1360 returned 100% blocks executed 100%
function -[LineChartViewController setArrayTitle:] called 272 returned 100% blocks executed 100%
     1632:   19:@property(nonatomic,strong) NSArray *arrayTitle;
unconditional  0 taken 1360
unconditional  1 taken 272
        -:   20:
        -:   21:@end
        -:   22:
function -[LineChartViewController .cxx_destruct] called 0 returned 0% blocks executed 0%
    #####:   23:@implementation LineChartViewController
unconditional  0 never executed
        -:   24:
function -[LineChartViewController viewDidLoad] called 272 returned 100% blocks executed 100%
        -:   25:- (void)viewDidLoad {
      272:   26:    [super viewDidLoad];
        -:   27:    
      272:   28:    self.array1 = [NSArray arrayWithObjects:@"1.5",@"1.2",@"2.3",@"1.1",@"1.7", nil];
      272:   29:    self.array2 = [NSArray arrayWithObjects:@"1.0",@"1.5",@"0.9",@"2.1",@"1.1", nil];
      272:   30:    self.array3 = [NSArray arrayWithObjects:@"1.2",@"0.7",@"1.3",@"1.5",@"1.1", nil];
      272:   31:    self.array = [NSMutableArray array];
      272:   32:    [self.array addObject:self.array1];
      272:   33:    [self.array addObject:self.array2];
      272:   34:    [self.array addObject:self.array3];
        -:   35:    
      272:   36:    self.arrayTitle = [NSArray arrayWithObjects:@"R-1",@"R-2",@"R-3",@"R-4",@"R-5", nil];//[NSArray arrayWithObjects:@"礼拜一",@"礼拜二",@"礼拜三",@"礼拜四",@"礼拜五", nil];
        -:   37:    
      272:   38:    EWLineCharView *lineChart = [[EWLineCharView alloc] init];
      272:   39:    lineChart.dataSource = self;
      272:   40:    lineChart.delegate =self;
      272:   41:    lineChart.maximumValue = 3.0;
      272:   42:    lineChart.minimumValue = 0.0;
      272:   43:    lineChart.sectionCount = 4;
      272:   44:    lineChart.showGrid = YES;
      272:   45:    lineChart.frame = CGRectMake(10, 50, 300, 200);
      272:   46:    [lineChart reloadData];
      272:   47:    [self.view addSubview:lineChart];
      272:   48:}
unconditional  0 taken 272
        -:   49:
        -:   50:#pragma mark - EWLineChartViewDataSource
        -:   51:
function -[LineChartViewController numberOfLinesInLineChartView:] called 1088 returned 100% blocks executed 100%
        -:   52:-(NSUInteger)numberOfLinesInLineChartView:(EWLineCharView *)lineChartView
        -:   53:{
     1088:   54:    return self.array.count;
     1088:   55:}
unconditional  0 taken 1088
        -:   56:
function -[LineChartViewController lineChartView:numberOfLinesAtLineIndex:] called 3264 returned 100% blocks executed 100%
        -:   57:-(NSUInteger)lineChartView:(EWLineCharView *)lineChartView numberOfLinesAtLineIndex:(NSUInteger)lineIndex
        -:   58:{
     3264:   59:    return [self.array[lineIndex] count];
     3264:   60:}
unconditional  0 taken 3264
        -:   61:
function -[LineChartViewController lineChartView:verticalValueForHorizontalIndex:atLineIndex:] called 12240 returned 100% blocks executed 100%
        -:   62:-(CGFloat)lineChartView:(EWLineCharView *)lineChartView verticalValueForHorizontalIndex:(NSUInteger)horizontalIndex atLineIndex:(NSUInteger)lineIndex
        -:   63:{
    12240:   64:    return [self.array[lineIndex][horizontalIndex] floatValue];
    12240:   65:}
unconditional  0 taken 12240
        -:   66:
        -:   67:#pragma mark - EWLineChartViewDelegate
        -:   68:
function -[LineChartViewController lineChartView:colorForLineAtLineIndex:] called 816 returned 100% blocks executed 100%
        -:   69:-(UIColor *)lineChartView:(EWLineCharView *)lineChartView colorForLineAtLineIndex:(NSUInteger)lineIndex{
      816:   70:    if (lineIndex == 0) {
branch  0 taken 272
branch  1 taken 544
      272:   71:        return [UIColor redColor];
unconditional  0 taken 272
        -:   72:    }
      544:   73:    else if(lineIndex == 1)
branch  0 taken 272
branch  1 taken 272
        -:   74:    {
      272:   75:        return [UIColor greenColor];
unconditional  0 taken 272
        -:   76:    }
        -:   77:    else
      272:   78:        return [UIColor blueColor];
unconditional  0 taken 272
      816:   79:}
unconditional  0 taken 816
        -:   80:
        -:   81:
function -[LineChartViewController lineChartView:horizontalTitlseForHorizontalIndex:] called 1360 returned 100% blocks executed 100%
        -:   82:-(NSString *)lineChartView:(EWLineCharView *)lineChartView horizontalTitlseForHorizontalIndex:(NSUInteger)horizontalIndex
        -:   83:{
     1360:   84:    return self.arrayTitle[horizontalIndex];
     1360:   85:}
unconditional  0 taken 1360
        -:   86:
function -[LineChartViewController lineChartView:isHollowCircleForHorizontalIndex:atLineIndex:] called 4080 returned 100% blocks executed 100%
        -:   87:-(BOOL)lineChartView:(EWLineCharView *)lineChartView isHollowCircleForHorizontalIndex:(NSUInteger)horizontalIndex atLineIndex:(NSUInteger)lineIndex
        -:   88:{
     4080:   89:    if (lineIndex == 0) {
branch  0 taken 1360
branch  1 taken 2720
     1360:   90:        return YES;
unconditional  0 taken 1360
        -:   91:    }
     2720:   92:    else if(lineIndex == 2){
branch  0 taken 1360
branch  1 taken 1360
     1360:   93:        if (horizontalIndex == 1) {
branch  0 taken 272
branch  1 taken 1088
      272:   94:            return YES;
unconditional  0 taken 272
        -:   95:        }
     1088:   96:        return NO;
unconditional  0 taken 1088
        -:   97:
        -:   98:    }else{
     1360:   99:        return NO;
unconditional  0 taken 1360
        -:  100:    }
     4080:  101:}
unconditional  0 taken 4080
        -:  102:
        -:  103:@end
