        -:    0:Source:/Users/wansy/Documents/project/BYSelf/UnitTest/UnitTest/ViewController.m
        -:    0:Graph:/Users/wansy/Library/Developer/Xcode/DerivedData/UnitTest-evyuvxyaefsknghjzpsbitflmpho/Build/Intermediates/CodeCoverage/Intermediates/UnitTest.build/Debug-iphonesimulator/UnitTest.build/Objects-normal/x86_64/ViewController.gcno
        -:    0:Data:/Users/wansy/Library/Developer/Xcode/DerivedData/UnitTest-evyuvxyaefsknghjzpsbitflmpho/Build/Intermediates/CodeCoverage/Intermediates/UnitTest.build/Debug-iphonesimulator/UnitTest.build/Objects-normal/x86_64/ViewController.gcda
        -:    0:Runs:4
        -:    0:Programs:1
        -:    1://
        -:    2://  ViewController.m
        -:    3://  UnitTest
        -:    4://
        -:    5://  Created by wansy on 16/10/13.
        -:    6://  Copyright © 2016年 wansy. All rights reserved.
        -:    7://
        -:    8:
        -:    9:#import "ViewController.h"
        -:   10:
        -:   11:@interface ViewController ()
        -:   12:
        -:   13:@end
        -:   14:
        -:   15:@implementation ViewController
        -:   16:
function -[ViewController viewDidLoad] called 6 returned 100% blocks executed 100%
        6:   17:- (void)viewDidLoad {
        6:   18:    [super viewDidLoad];
        -:   19:    // Do any additional setup after loading the view, typically from a nib.
        6:   20:}
unconditional  0 taken 6
        -:   21:
        -:   22:
function -[ViewController didReceiveMemoryWarning] called 0 returned 0% blocks executed 0%
    #####:   23:- (void)didReceiveMemoryWarning {
    #####:   24:    [super didReceiveMemoryWarning];
        -:   25:    // Dispose of any resources that can be recreated.
    #####:   26:}
unconditional  0 never executed
        -:   27:
        -:   28:
        -:   29:@end
