        -:    0:Source:/Users/wansy/Documents/project/BYSelf/EWChartView/EWChartView/SegmentView/EWSegmentHeadButton.m
        -:    0:Graph:/Users/wansy/Library/Developer/Xcode/DerivedData/EWChartView-gwaqvpfjysmdagbdartktpszyxpm/Build/Intermediates/EWChartView.build/Debug-iphonesimulator/EWChartView.build/Objects-normal/x86_64/EWSegmentHeadButton.gcno
        -:    0:Data:/Users/wansy/Library/Developer/Xcode/DerivedData/EWChartView-gwaqvpfjysmdagbdartktpszyxpm/Build/Intermediates/EWChartView.build/Debug-iphonesimulator/EWChartView.build/Objects-normal/x86_64/EWSegmentHeadButton.gcda
        -:    0:Runs:8
        -:    0:Programs:1
        -:    1://
        -:    2://  EWSegmentHeadButton.m
        -:    3://  EWSegmentView
        -:    4://
        -:    5://  Created by wansy on 15/7/8.
        -:    6://  Copyright (c) 2015年 wansy. All rights reserved.
        -:    7://
        -:    8:
        -:    9:#import "EWSegmentHeadButton.h"
        -:   10:
function -[EWSegmentHeadButton .cxx_destruct] called 0 returned 0% blocks executed 0%
    #####:   11:@implementation EWSegmentHeadButton
unconditional  0 never executed
        -:   12:
function -[EWSegmentHeadButton initWithFrame:] called 216 returned 100% blocks executed 100%
        -:   13:-(instancetype)initWithFrame:(CGRect)frame
        -:   14:{
      216:   15:    if (self = [super initWithFrame:frame]) {
branch  0 taken 216
branch  1 taken 0
      216:   16:        [self setupSubViews];
      216:   17:    }
unconditional  0 taken 216
      216:   18:    return self;
      216:   19:}
unconditional  0 taken 216
        -:   20:
function -[EWSegmentHeadButton initWithCoder:] called 0 returned 0% blocks executed 0%
        -:   21:-(id)initWithCoder:(NSCoder *)aDecoder
        -:   22:{
    #####:   23:    if (self = [super initWithCoder:aDecoder]) {
branch  0 never executed
branch  1 never executed
    #####:   24:        [self setupSubViews];
    #####:   25:    }
unconditional  0 never executed
    #####:   26:    return self;
    #####:   27:}
unconditional  0 never executed
        -:   28:
function -[EWSegmentHeadButton setupSubViews] called 216 returned 100% blocks executed 100%
        -:   29:-(void)setupSubViews
        -:   30:{
      216:   31:    _button = [[UIButton alloc] init];
      216:   32:    [self addSubview:_button];
        -:   33:    
      216:   34:    _colorLabel = [[UILabel alloc] init];
      216:   35:    [self addSubview:_colorLabel];
      216:   36:}
unconditional  0 taken 216
        -:   37:
function -[EWSegmentHeadButton layoutSubviews] called 432 returned 100% blocks executed 100%
        -:   38:-(void)layoutSubviews
        -:   39:{
      432:   40:    CGFloat viewH = self.frame.size.height;
      432:   41:    CGFloat viewW = self.frame.size.width;
        -:   42:    
      432:   43:    self.button.frame = CGRectMake(0, 0, viewW, viewH);
      432:   44:    self.colorLabel.frame = CGRectMake(0.05 * viewW, viewH * 0.9, viewW * 0.9, viewH * 0.1);
      432:   45:}
unconditional  0 taken 432
        -:   46:@end
