        -:    0:Source:/Users/wansy/Documents/project/BYSelf/EWChartView/EWChartView/SegmentView/EWSegmentView.h
        -:    0:Graph:/Users/wansy/Library/Developer/Xcode/DerivedData/EWChartView-gwaqvpfjysmdagbdartktpszyxpm/Build/Intermediates/EWChartView.build/Debug-iphonesimulator/EWChartView.build/Objects-normal/x86_64/EWSegmentView.gcno
        -:    0:Data:/Users/wansy/Library/Developer/Xcode/DerivedData/EWChartView-gwaqvpfjysmdagbdartktpszyxpm/Build/Intermediates/EWChartView.build/Debug-iphonesimulator/EWChartView.build/Objects-normal/x86_64/EWSegmentView.gcda
        -:    0:Runs:10
        -:    0:Programs:1
        -:    1://
        -:    2://  EWSegmentView.h
        -:    3://  EWSegmentView
        -:    4://
        -:    5://  Created by wansy on 15/7/8.
        -:    6://  Copyright (c) 2015年 wansy. All rights reserved.
        -:    7://
        -:    8:
        -:    9:#import <UIKit/UIKit.h>
        -:   10:@class EWSegmentHeadView;
        -:   11:
        -:   12:@interface EWSegmentView : UIView
        -:   13:
        -:   14:/**
        -:   15: *  用来存放需要所有的控制器
        -:   16: */
function -[EWSegmentView subViewControllers] called 6112 returned 100% blocks executed 100%
     6112:   17:@property (strong, nonatomic)NSMutableArray *subViewControllers;
unconditional  0 taken 6112
        -:   18:
function -[EWSegmentView headView] called 1840 returned 100% blocks executed 100%
     1840:   19:@property (weak, nonatomic) EWSegmentHeadView *headView;
unconditional  0 taken 1840
        -:   20:
        -:   21:@end
